  [1m[35m (29.2ms)[0m  [1m[35mCREATE TABLE "schema_migrations" ("version" character varying PRIMARY KEY)[0m
  [1m[35m (24.2ms)[0m  [1m[35mCREATE TABLE "ar_internal_metadata" ("key" character varying PRIMARY KEY, "value" character varying, "created_at" timestamp NOT NULL, "updated_at" timestamp NOT NULL)[0m
  [1m[35m (2.2ms)[0m  [1m[34mSELECT pg_try_advisory_lock(8278467814444460010);[0m
  [1m[36mActiveRecord::SchemaMigration Load (0.8ms)[0m  [1m[34mSELECT "schema_migrations".* FROM "schema_migrations"[0m
Migrating to CreateEmployees (20170403162552)
  [1m[35m (0.4ms)[0m  [1m[35mBEGIN[0m
  [1m[35m (29.2ms)[0m  [1m[35mCREATE TABLE "employees" ("id" serial primary key, "employee_id" integer, "employee_name" character varying, "employee_email" character varying, "created_at" timestamp NOT NULL, "updated_at" timestamp NOT NULL)[0m
  [1m[35mSQL (1.8ms)[0m  [1m[32mINSERT INTO "schema_migrations" ("version") VALUES ($1) RETURNING "version"[0m  [["version", "20170403162552"]]
  [1m[35m (1.3ms)[0m  [1m[35mCOMMIT[0m
Migrating to CreateProjects (20170403162622)
  [1m[35m (0.3ms)[0m  [1m[35mBEGIN[0m
  [1m[35m (5.3ms)[0m  [1m[35mCREATE TABLE "projects" ("id" serial primary key, "name" character varying, "employee_id" integer, "created_at" timestamp NOT NULL, "updated_at" timestamp NOT NULL)[0m
  [1m[35m (2.9ms)[0m  [1m[35mCREATE  INDEX  "index_projects_on_employee_id" ON "projects"  ("employee_id")[0m
  [1m[35mSQL (0.4ms)[0m  [1m[32mINSERT INTO "schema_migrations" ("version") VALUES ($1) RETURNING "version"[0m  [["version", "20170403162622"]]
  [1m[35m (1.5ms)[0m  [1m[35mCOMMIT[0m
Migrating to CreateTasks (20170403162721)
  [1m[35m (0.3ms)[0m  [1m[35mBEGIN[0m
  [1m[35m (9.4ms)[0m  [1m[35mCREATE TABLE "tasks" ("id" serial primary key, "activity" character varying, "status" character varying, "duration" integer, "project_id" integer NOT NULL, "created_at" timestamp NOT NULL, "updated_at" timestamp NOT NULL)[0m
  [1m[35m (1.9ms)[0m  [1m[35mCREATE  INDEX  "index_tasks_on_project_id" ON "tasks"  ("project_id")[0m
  [1m[35mSQL (0.4ms)[0m  [1m[32mINSERT INTO "schema_migrations" ("version") VALUES ($1) RETURNING "version"[0m  [["version", "20170403162721"]]
  [1m[35m (1.3ms)[0m  [1m[35mCOMMIT[0m
  [1m[36mActiveRecord::InternalMetadata Load (1.6ms)[0m  [1m[34mSELECT  "ar_internal_metadata".* FROM "ar_internal_metadata" WHERE "ar_internal_metadata"."key" = $1 LIMIT $2[0m  [["key", :environment], ["LIMIT", 1]]
  [1m[35m (0.3ms)[0m  [1m[35mBEGIN[0m
  [1m[35mSQL (0.5ms)[0m  [1m[32mINSERT INTO "ar_internal_metadata" ("key", "value", "created_at", "updated_at") VALUES ($1, $2, $3, $4) RETURNING "key"[0m  [["key", "environment"], ["value", "development"], ["created_at", 2017-04-03 16:31:48 UTC], ["updated_at", 2017-04-03 16:31:48 UTC]]
  [1m[35m (1.4ms)[0m  [1m[35mCOMMIT[0m
  [1m[35m (0.3ms)[0m  [1m[34mSELECT pg_advisory_unlock(8278467814444460010)[0m
  [1m[36mActiveRecord::SchemaMigration Load (0.5ms)[0m  [1m[34mSELECT "schema_migrations".* FROM "schema_migrations"[0m
  [1m[36mActiveRecord::SchemaMigration Load (17.3ms)[0m  [1m[34mSELECT "schema_migrations".* FROM "schema_migrations"[0m
  [1m[36mActiveRecord::SchemaMigration Load (0.6ms)[0m  [1m[34mSELECT "schema_migrations".* FROM "schema_migrations"[0m
  [1m[36mActiveRecord::SchemaMigration Load (0.6ms)[0m  [1m[34mSELECT "schema_migrations".* FROM "schema_migrations"[0m
  [1m[35m (0.3ms)[0m  [1m[35mBEGIN[0m
  [1m[35mSQL (5.9ms)[0m  [1m[32mINSERT INTO "employees" ("employee_id", "employee_name", "employee_email", "created_at", "updated_at") VALUES ($1, $2, $3, $4, $5) RETURNING "id"[0m  [["employee_id", 21223], ["employee_name", "Santosh"], ["employee_email", "santosh.turamari@hpe.com"], ["created_at", 2017-04-04 17:04:51 UTC], ["updated_at", 2017-04-04 17:04:51 UTC]]
  [1m[35mSQL (5.9ms)[0m  [1m[32mINSERT INTO "projects" ("name", "employee_id", "created_at", "updated_at") VALUES ($1, $2, $3, $4) RETURNING "id"[0m  [["name", "Quanutm"], ["employee_id", 1], ["created_at", 2017-04-04 17:04:51 UTC], ["updated_at", 2017-04-04 17:04:51 UTC]]
  [1m[35mSQL (6.9ms)[0m  [1m[32mINSERT INTO "tasks" ("activity", "status", "duration", "project_id", "created_at", "updated_at") VALUES ($1, $2, $3, $4, $5, $6) RETURNING "id"[0m  [["activity", "Analyzing the requirement"], ["status", "WIP"], ["duration", 1], ["project_id", 1], ["created_at", 2017-04-04 17:04:51 UTC], ["updated_at", 2017-04-04 17:04:51 UTC]]
  [1m[35m (88.6ms)[0m  [1m[35mCOMMIT[0m
  [1m[35m (0.4ms)[0m  [1m[35mBEGIN[0m
  [1m[35mSQL (0.5ms)[0m  [1m[32mINSERT INTO "employees" ("employee_id", "employee_name", "employee_email", "created_at", "updated_at") VALUES ($1, $2, $3, $4, $5) RETURNING "id"[0m  [["employee_id", 21223], ["employee_name", "Santosh"], ["employee_email", "santosh.turamari@hpe.com"], ["created_at", 2017-04-04 17:04:51 UTC], ["updated_at", 2017-04-04 17:04:51 UTC]]
  [1m[35mSQL (0.5ms)[0m  [1m[32mINSERT INTO "projects" ("name", "employee_id", "created_at", "updated_at") VALUES ($1, $2, $3, $4) RETURNING "id"[0m  [["name", "Quanutm"], ["employee_id", 2], ["created_at", 2017-04-04 17:04:51 UTC], ["updated_at", 2017-04-04 17:04:51 UTC]]
  [1m[35mSQL (0.4ms)[0m  [1m[32mINSERT INTO "tasks" ("activity", "status", "duration", "project_id", "created_at", "updated_at") VALUES ($1, $2, $3, $4, $5, $6) RETURNING "id"[0m  [["activity", "Analyzing the requirement"], ["status", "WIP"], ["duration", 1], ["project_id", 2], ["created_at", 2017-04-04 17:04:51 UTC], ["updated_at", 2017-04-04 17:04:51 UTC]]
  [1m[35m (1.3ms)[0m  [1m[35mCOMMIT[0m
  [1m[35m (0.2ms)[0m  [1m[35mBEGIN[0m
  [1m[35mSQL (0.3ms)[0m  [1m[32mINSERT INTO "employees" ("employee_id", "employee_name", "employee_email", "created_at", "updated_at") VALUES ($1, $2, $3, $4, $5) RETURNING "id"[0m  [["employee_id", 21223], ["employee_name", "Santosh"], ["employee_email", "santosh.turamari@hpe.com"], ["created_at", 2017-04-04 17:04:51 UTC], ["updated_at", 2017-04-04 17:04:51 UTC]]
  [1m[35mSQL (0.3ms)[0m  [1m[32mINSERT INTO "projects" ("name", "employee_id", "created_at", "updated_at") VALUES ($1, $2, $3, $4) RETURNING "id"[0m  [["name", "Quanutm"], ["employee_id", 3], ["created_at", 2017-04-04 17:04:51 UTC], ["updated_at", 2017-04-04 17:04:51 UTC]]
  [1m[35mSQL (0.4ms)[0m  [1m[32mINSERT INTO "tasks" ("activity", "status", "duration", "project_id", "created_at", "updated_at") VALUES ($1, $2, $3, $4, $5, $6) RETURNING "id"[0m  [["activity", "Analyzing the requirement"], ["status", "WIP"], ["duration", 1], ["project_id", 3], ["created_at", 2017-04-04 17:04:51 UTC], ["updated_at", 2017-04-04 17:04:51 UTC]]
  [1m[35m (1.4ms)[0m  [1m[35mCOMMIT[0m
  [1m[35m (0.2ms)[0m  [1m[35mBEGIN[0m
  [1m[35mSQL (0.5ms)[0m  [1m[32mINSERT INTO "employees" ("employee_id", "employee_name", "employee_email", "created_at", "updated_at") VALUES ($1, $2, $3, $4, $5) RETURNING "id"[0m  [["employee_id", 21223], ["employee_name", "Santosh"], ["employee_email", "santosh.turamari@hpe.com"], ["created_at", 2017-04-04 17:04:51 UTC], ["updated_at", 2017-04-04 17:04:51 UTC]]
  [1m[35mSQL (0.4ms)[0m  [1m[32mINSERT INTO "projects" ("name", "employee_id", "created_at", "updated_at") VALUES ($1, $2, $3, $4) RETURNING "id"[0m  [["name", "Quanutm"], ["employee_id", 4], ["created_at", 2017-04-04 17:04:51 UTC], ["updated_at", 2017-04-04 17:04:51 UTC]]
  [1m[35mSQL (0.4ms)[0m  [1m[32mINSERT INTO "tasks" ("activity", "status", "duration", "project_id", "created_at", "updated_at") VALUES ($1, $2, $3, $4, $5, $6) RETURNING "id"[0m  [["activity", "Analyzing the requirement"], ["status", "WIP"], ["duration", 1], ["project_id", 4], ["created_at", 2017-04-04 17:04:51 UTC], ["updated_at", 2017-04-04 17:04:51 UTC]]
  [1m[35m (1.2ms)[0m  [1m[35mCOMMIT[0m
  [1m[35m (0.3ms)[0m  [1m[35mBEGIN[0m
  [1m[35mSQL (0.4ms)[0m  [1m[32mINSERT INTO "employees" ("employee_id", "employee_name", "employee_email", "created_at", "updated_at") VALUES ($1, $2, $3, $4, $5) RETURNING "id"[0m  [["employee_id", 21223], ["employee_name", "Santosh"], ["employee_email", "santosh.turamari@hpe.com"], ["created_at", 2017-04-04 17:04:51 UTC], ["updated_at", 2017-04-04 17:04:51 UTC]]
  [1m[35mSQL (0.4ms)[0m  [1m[32mINSERT INTO "projects" ("name", "employee_id", "created_at", "updated_at") VALUES ($1, $2, $3, $4) RETURNING "id"[0m  [["name", "Quanutm"], ["employee_id", 5], ["created_at", 2017-04-04 17:04:51 UTC], ["updated_at", 2017-04-04 17:04:51 UTC]]
  [1m[35mSQL (0.5ms)[0m  [1m[32mINSERT INTO "tasks" ("activity", "status", "duration", "project_id", "created_at", "updated_at") VALUES ($1, $2, $3, $4, $5, $6) RETURNING "id"[0m  [["activity", "Analyzing the requirement"], ["status", "WIP"], ["duration", 1], ["project_id", 5], ["created_at", 2017-04-04 17:04:51 UTC], ["updated_at", 2017-04-04 17:04:51 UTC]]
  [1m[35m (1.3ms)[0m  [1m[35mCOMMIT[0m
  [1m[35m (0.3ms)[0m  [1m[35mBEGIN[0m
  [1m[35mSQL (0.4ms)[0m  [1m[32mINSERT INTO "employees" ("employee_id", "employee_name", "employee_email", "created_at", "updated_at") VALUES ($1, $2, $3, $4, $5) RETURNING "id"[0m  [["employee_id", 21223], ["employee_name", "Santosh"], ["employee_email", "santosh.turamari@hpe.com"], ["created_at", 2017-04-04 17:04:51 UTC], ["updated_at", 2017-04-04 17:04:51 UTC]]
  [1m[35mSQL (0.4ms)[0m  [1m[32mINSERT INTO "projects" ("name", "employee_id", "created_at", "updated_at") VALUES ($1, $2, $3, $4) RETURNING "id"[0m  [["name", "Quanutm"], ["employee_id", 6], ["created_at", 2017-04-04 17:04:51 UTC], ["updated_at", 2017-04-04 17:04:51 UTC]]
  [1m[35mSQL (0.4ms)[0m  [1m[32mINSERT INTO "tasks" ("activity", "status", "duration", "project_id", "created_at", "updated_at") VALUES ($1, $2, $3, $4, $5, $6) RETURNING "id"[0m  [["activity", "Analyzing the requirement"], ["status", "WIP"], ["duration", 1], ["project_id", 6], ["created_at", 2017-04-04 17:04:51 UTC], ["updated_at", 2017-04-04 17:04:51 UTC]]
  [1m[35m (1.5ms)[0m  [1m[35mCOMMIT[0m
  [1m[35m (0.3ms)[0m  [1m[35mBEGIN[0m
  [1m[35mSQL (0.4ms)[0m  [1m[32mINSERT INTO "employees" ("employee_id", "employee_name", "employee_email", "created_at", "updated_at") VALUES ($1, $2, $3, $4, $5) RETURNING "id"[0m  [["employee_id", 21223], ["employee_name", "Santosh"], ["employee_email", "santosh.turamari@hpe.com"], ["created_at", 2017-04-04 17:04:51 UTC], ["updated_at", 2017-04-04 17:04:51 UTC]]
  [1m[35mSQL (0.4ms)[0m  [1m[32mINSERT INTO "projects" ("name", "employee_id", "created_at", "updated_at") VALUES ($1, $2, $3, $4) RETURNING "id"[0m  [["name", "Quanutm"], ["employee_id", 7], ["created_at", 2017-04-04 17:04:51 UTC], ["updated_at", 2017-04-04 17:04:51 UTC]]
  [1m[35mSQL (0.4ms)[0m  [1m[32mINSERT INTO "tasks" ("activity", "status", "duration", "project_id", "created_at", "updated_at") VALUES ($1, $2, $3, $4, $5, $6) RETURNING "id"[0m  [["activity", "Analyzing the requirement"], ["status", "WIP"], ["duration", 1], ["project_id", 7], ["created_at", 2017-04-04 17:04:51 UTC], ["updated_at", 2017-04-04 17:04:51 UTC]]
  [1m[35m (1.4ms)[0m  [1m[35mCOMMIT[0m
  [1m[35m (0.2ms)[0m  [1m[35mBEGIN[0m
  [1m[35mSQL (0.5ms)[0m  [1m[32mINSERT INTO "employees" ("employee_id", "employee_name", "employee_email", "created_at", "updated_at") VALUES ($1, $2, $3, $4, $5) RETURNING "id"[0m  [["employee_id", 21223], ["employee_name", "Santosh"], ["employee_email", "santosh.turamari@hpe.com"], ["created_at", 2017-04-04 17:04:51 UTC], ["updated_at", 2017-04-04 17:04:51 UTC]]
  [1m[35mSQL (0.4ms)[0m  [1m[32mINSERT INTO "projects" ("name", "employee_id", "created_at", "updated_at") VALUES ($1, $2, $3, $4) RETURNING "id"[0m  [["name", "Quanutm"], ["employee_id", 8], ["created_at", 2017-04-04 17:04:51 UTC], ["updated_at", 2017-04-04 17:04:51 UTC]]
  [1m[35mSQL (0.4ms)[0m  [1m[32mINSERT INTO "tasks" ("activity", "status", "duration", "project_id", "created_at", "updated_at") VALUES ($1, $2, $3, $4, $5, $6) RETURNING "id"[0m  [["activity", "Analyzing the requirement"], ["status", "WIP"], ["duration", 1], ["project_id", 8], ["created_at", 2017-04-04 17:04:51 UTC], ["updated_at", 2017-04-04 17:04:51 UTC]]
  [1m[35m (1.2ms)[0m  [1m[35mCOMMIT[0m
  [1m[35m (0.2ms)[0m  [1m[35mBEGIN[0m
  [1m[35mSQL (0.4ms)[0m  [1m[32mINSERT INTO "employees" ("employee_id", "employee_name", "employee_email", "created_at", "updated_at") VALUES ($1, $2, $3, $4, $5) RETURNING "id"[0m  [["employee_id", 21223], ["employee_name", "Santosh"], ["employee_email", "santosh.turamari@hpe.com"], ["created_at", 2017-04-04 17:04:51 UTC], ["updated_at", 2017-04-04 17:04:51 UTC]]
  [1m[35mSQL (0.3ms)[0m  [1m[32mINSERT INTO "projects" ("name", "employee_id", "created_at", "updated_at") VALUES ($1, $2, $3, $4) RETURNING "id"[0m  [["name", "Quanutm"], ["employee_id", 9], ["created_at", 2017-04-04 17:04:51 UTC], ["updated_at", 2017-04-04 17:04:51 UTC]]
  [1m[35mSQL (0.3ms)[0m  [1m[32mINSERT INTO "tasks" ("activity", "status", "duration", "project_id", "created_at", "updated_at") VALUES ($1, $2, $3, $4, $5, $6) RETURNING "id"[0m  [["activity", "Analyzing the requirement"], ["status", "WIP"], ["duration", 1], ["project_id", 9], ["created_at", 2017-04-04 17:04:51 UTC], ["updated_at", 2017-04-04 17:04:51 UTC]]
  [1m[35m (1.3ms)[0m  [1m[35mCOMMIT[0m
  [1m[35m (0.3ms)[0m  [1m[35mBEGIN[0m
  [1m[35mSQL (0.4ms)[0m  [1m[32mINSERT INTO "employees" ("employee_id", "employee_name", "employee_email", "created_at", "updated_at") VALUES ($1, $2, $3, $4, $5) RETURNING "id"[0m  [["employee_id", 21223], ["employee_name", "Santosh"], ["employee_email", "santosh.turamari@hpe.com"], ["created_at", 2017-04-04 17:04:51 UTC], ["updated_at", 2017-04-04 17:04:51 UTC]]
  [1m[35mSQL (0.4ms)[0m  [1m[32mINSERT INTO "projects" ("name", "employee_id", "created_at", "updated_at") VALUES ($1, $2, $3, $4) RETURNING "id"[0m  [["name", "Quanutm"], ["employee_id", 10], ["created_at", 2017-04-04 17:04:51 UTC], ["updated_at", 2017-04-04 17:04:51 UTC]]
  [1m[35mSQL (0.4ms)[0m  [1m[32mINSERT INTO "tasks" ("activity", "status", "duration", "project_id", "created_at", "updated_at") VALUES ($1, $2, $3, $4, $5, $6) RETURNING "id"[0m  [["activity", "Analyzing the requirement"], ["status", "WIP"], ["duration", 1], ["project_id", 10], ["created_at", 2017-04-04 17:04:51 UTC], ["updated_at", 2017-04-04 17:04:51 UTC]]
  [1m[35m (1.3ms)[0m  [1m[35mCOMMIT[0m
  [1m[36mActiveRecord::SchemaMigration Load (0.6ms)[0m  [1m[34mSELECT "schema_migrations".* FROM "schema_migrations"[0m
  [1m[35m (0.3ms)[0m  [1m[35mBEGIN[0m
  [1m[35mSQL (0.9ms)[0m  [1m[32mINSERT INTO "employees" ("employee_id", "employee_name", "employee_email", "created_at", "updated_at") VALUES ($1, $2, $3, $4, $5) RETURNING "id"[0m  [["employee_id", 21223], ["employee_name", "Santosh"], ["employee_email", "santosh.turamari@hpe.com"], ["created_at", 2017-04-04 17:08:00 UTC], ["updated_at", 2017-04-04 17:08:00 UTC]]
  [1m[35mSQL (0.9ms)[0m  [1m[32mINSERT INTO "projects" ("name", "employee_id", "created_at", "updated_at") VALUES ($1, $2, $3, $4) RETURNING "id"[0m  [["name", "Quanutm"], ["employee_id", 11], ["created_at", 2017-04-04 17:08:00 UTC], ["updated_at", 2017-04-04 17:08:00 UTC]]
  [1m[35mSQL (0.7ms)[0m  [1m[32mINSERT INTO "tasks" ("activity", "status", "duration", "project_id", "created_at", "updated_at") VALUES ($1, $2, $3, $4, $5, $6) RETURNING "id"[0m  [["activity", "Analyzing the requirement"], ["status", "WIP"], ["duration", 1], ["project_id", 11], ["created_at", 2017-04-04 17:08:00 UTC], ["updated_at", 2017-04-04 17:08:00 UTC]]
  [1m[35m (1.4ms)[0m  [1m[35mCOMMIT[0m
  [1m[36mActiveRecord::SchemaMigration Load (0.6ms)[0m  [1m[34mSELECT "schema_migrations".* FROM "schema_migrations"[0m
  [1m[35m (0.3ms)[0m  [1m[35mBEGIN[0m
  [1m[35mSQL (0.9ms)[0m  [1m[32mINSERT INTO "employees" ("employee_id", "employee_name", "employee_email", "created_at", "updated_at") VALUES ($1, $2, $3, $4, $5) RETURNING "id"[0m  [["employee_id", 21223], ["employee_name", "Santosh"], ["employee_email", "santosh.turamari@hpe.com"], ["created_at", 2017-04-04 17:08:33 UTC], ["updated_at", 2017-04-04 17:08:33 UTC]]
  [1m[35mSQL (0.6ms)[0m  [1m[32mINSERT INTO "projects" ("name", "employee_id", "created_at", "updated_at") VALUES ($1, $2, $3, $4) RETURNING "id"[0m  [["name", "Quanutm"], ["employee_id", 12], ["created_at", 2017-04-04 17:08:33 UTC], ["updated_at", 2017-04-04 17:08:33 UTC]]
  [1m[35mSQL (0.9ms)[0m  [1m[32mINSERT INTO "tasks" ("activity", "status", "duration", "project_id", "created_at", "updated_at") VALUES ($1, $2, $3, $4, $5, $6) RETURNING "id"[0m  [["activity", "Analyzing the requirement"], ["status", "WIP"], ["duration", 1], ["project_id", 12], ["created_at", 2017-04-04 17:08:33 UTC], ["updated_at", 2017-04-04 17:08:33 UTC]]
  [1m[35m (1.4ms)[0m  [1m[35mCOMMIT[0m
